<?xml version="1.0" encoding="UTF-8"?>
<testsuite xmlns:xsi="http://www.w3.org/2001/XMLSchema-instance" xsi:noNamespaceSchemaLocation="https://maven.apache.org/surefire/maven-surefire-plugin/xsd/surefire-test-report-3.0.xsd" version="3.0" name="com.art.ProbarFuncionesTest" time="0.331" tests="25" errors="0" skipped="0" failures="0">
  <properties>
[...]
</properties>
  <testcase name="testConstructorYGetters" classname="com.art.ProbarFuncionesTest" time="0.114"/>
  <testcase name="testLeerCorreoElectronicoCorrecto" classname="com.art.ProbarFuncionesTest" time="0.011">
    <system-out><![CDATA[Introduce el correo electr�nico: ]]></system-out>
  </testcase>
  <testcase name="testLeerTelefonoCorrecto" classname="com.art.ProbarFuncionesTest" time="0.007">
    <system-out><![CDATA[Introduce el n�mero de tel�fono (9 d�gitos): ]]></system-out>
  </testcase>
  <testcase name="testCaso1" classname="com.art.ProbarFuncionesTest" time="0.002"/>
  <testcase name="testCaso2" classname="com.art.ProbarFuncionesTest" time="0.004"/>
  <testcase name="testCaso3" classname="com.art.ProbarFuncionesTest" time="0.002"/>
  <testcase name="testCaso4" classname="com.art.ProbarFuncionesTest" time="0.001"/>
  <testcase name="testCaso5" classname="com.art.ProbarFuncionesTest" time="0.002"/>
  <testcase name="testCaso6" classname="com.art.ProbarFuncionesTest" time="0.001"/>
  <testcase name="testCaso8" classname="com.art.ProbarFuncionesTest" time="0.002"/>
  <testcase name="testCaso9" classname="com.art.ProbarFuncionesTest" time="0.001"/>
  <testcase name="testLeerCertificacionInglesNo" classname="com.art.ProbarFuncionesTest" time="0.005">
    <system-out><![CDATA[Tiene certificacion de ingles? (si/no): ]]></system-out>
  </testcase>
  <testcase name="testLeerCertificacionInglesSi" classname="com.art.ProbarFuncionesTest" time="0.005">
    <system-out><![CDATA[Tiene certificacion de ingles? (si/no): ]]></system-out>
  </testcase>
  <testcase name="testLeerTitulacionCorrecta" classname="com.art.ProbarFuncionesTest" time="0.003">
    <system-out><![CDATA[Introduce la titulaci�n (Grado, Master, Doctorado): ]]></system-out>
  </testcase>
  <testcase name="testMatricularDoctorado" classname="com.art.ProbarFuncionesTest" time="0.001"/>
  <testcase name="testLeerNacionalidad" classname="com.art.ProbarFuncionesTest" time="0.003">
    <system-out><![CDATA[Introduce la nacionalidad: ]]></system-out>
  </testcase>
  <testcase name="testLeerFechaNacimientoCorrecta" classname="com.art.ProbarFuncionesTest" time="0.003">
    <system-out><![CDATA[Introduce la fecha de nacimiento (DD-MM-YYYY): ]]></system-out>
  </testcase>
  <testcase name="testCaso16" classname="com.art.ProbarFuncionesTest" time="0.003"/>
  <testcase name="testMainWithPreloadedAttributes" classname="com.art.ProbarFuncionesTest" time="0.005"/>
  <testcase name="testLeerApellidos" classname="com.art.ProbarFuncionesTest" time="0.005"/>
  <testcase name="testSetters" classname="com.art.ProbarFuncionesTest" time="0.001"/>
  <testcase name="testEsEuropea" classname="com.art.ProbarFuncionesTest" time="0.001"/>
  <testcase name="testEsMayorDeEdadFechaInvalida" classname="com.art.ProbarFuncionesTest" time="0.009"/>
  <testcase name="testLeerNombre" classname="com.art.ProbarFuncionesTest" time="0.002"/>
  <testcase name="testEsMayorDeEdad" classname="com.art.ProbarFuncionesTest" time="0.002"/>
</testsuite>